<?xml version="1.0" encoding="UTF-8"?>
<!-- Generated by org.testng.reporters.JUnitReportReporter -->
<testsuite hostname="Radhe-Krishna" failures="0" tests="4" name="com.cucumbertestngstructure.TestNGTestRunner" time="238.272" errors="0" timestamp="2022-12-18T07:31:40 IST" skipped="0">
  <testcase classname="com.cucumbertestngstructure.TestNGTestRunner" name="runScenario" time="58.831"/>
  <system-out/>
  <testcase classname="com.cucumbertestngstructure.TestNGTestRunner" name="runScenario" time="60.823"/>
  <system-out/>
  <testcase classname="com.cucumbertestngstructure.TestNGTestRunner" name="runScenario" time="59.016"/>
  <system-out/>
  <testcase classname="com.cucumbertestngstructure.TestNGTestRunner" name="runScenario" time="59.602"/>
  <system-out/>
</testsuite> <!-- com.cucumbertestngstructure.TestNGTestRunner -->
