<?xml version="1.0" encoding="UTF-8"?>
<!-- Generated by org.testng.reporters.JUnitReportReporter -->
<testsuite hostname="Radhe-Krishna" failures="0" tests="1" name="SeleniumSample" time="19.043" errors="0" timestamp="2022-12-15T11:42:06 IST" skipped="0">
  <testcase classname="SeleniumSample" name="test" time="19.043"/>
  <system-out/>
</testsuite> <!-- SeleniumSample -->
