<?xml version="1.0" encoding="UTF-8"?>
<!-- Generated by org.testng.reporters.JUnitReportReporter -->
<testsuite hostname="Radhe-Krishna" failures="0" tests="4" name="com.cucumbertestngstructure.TestNGTestRunner" time="118.560" errors="0" timestamp="2022-12-17T20:36:29 IST" skipped="0">
  <testcase classname="com.cucumbertestngstructure.TestNGTestRunner" name="runScenario" time="29.992"/>
  <system-out/>
  <testcase classname="com.cucumbertestngstructure.TestNGTestRunner" name="runScenario" time="29.991"/>
  <system-out/>
  <testcase classname="com.cucumbertestngstructure.TestNGTestRunner" name="runScenario" time="29.682"/>
  <system-out/>
  <testcase classname="com.cucumbertestngstructure.TestNGTestRunner" name="runScenario" time="28.895"/>
  <system-out/>
</testsuite> <!-- com.cucumbertestngstructure.TestNGTestRunner -->
